{
  "RSpec": {
    "coverage": {
      "/home/emmatshi/RocketElevatorsConsolidation/RocketElevatorsConsolidation/spec/controllers/interventions_controller_spec.rb": {
        "lines": [
          1,
          1,
          null,
          1,
          null,
          1,
          null,
          1,
          1,
          null,
          1,
          null,
          1,
          1,
          1,
          null,
          null,
          null,
          1,
          1,
          null,
          1,
          null,
          1,
          1,
          1,
          null,
          null,
          null,
          null
        ]
      },
      "/home/emmatshi/RocketElevatorsConsolidation/RocketElevatorsConsolidation/spec/rails_helper.rb": {
        "lines": [
          null,
          1,
          1,
          1,
          null,
          1,
          1,
          null,
          null,
          null,
          null,
          null,
          null,
          null,
          null,
          null,
          null,
          null,
          null,
          null,
          null,
          null,
          null,
          null,
          null,
          null,
          null,
          1,
          null,
          0,
          0,
          null,
          1,
          null,
          1,
          null,
          null,
          null,
          null,
          1,
          null,
          null,
          null,
          null,
          null,
          null,
          null,
          null,
          null,
          null,
          null,
          null,
          null,
          null,
          null,
          null,
          null,
          1,
          null,
          null,
          1,
          null,
          null,
          null
        ]
      },
      "/home/emmatshi/RocketElevatorsConsolidation/RocketElevatorsConsolidation/config/environment.rb": {
        "lines": [
          null,
          1,
          null,
          null,
          1
        ]
      },
      "/home/emmatshi/RocketElevatorsConsolidation/RocketElevatorsConsolidation/config/application.rb": {
        "lines": [
          1,
          1,
          1,
          null,
          null,
          1,
          null,
          1,
          1,
          null,
          1,
          null,
          1,
          1,
          1,
          1,
          null,
          null,
          null,
          null,
          null,
          null,
          null
        ]
      },
      "/home/emmatshi/RocketElevatorsConsolidation/RocketElevatorsConsolidation/config/boot.rb": {
        "lines": [
          1,
          null,
          1,
          1
        ]
      },
      "/home/emmatshi/RocketElevatorsConsolidation/RocketElevatorsConsolidation/config/environments/test.rb": {
        "lines": [
          1,
          null,
          null,
          null,
          null,
          null,
          null,
          1,
          null,
          null,
          null,
          null,
          1,
          null,
          null,
          1,
          1,
          null,
          null,
          null,
          null,
          1,
          1,
          null,
          null,
          1,
          null,
          null,
          1,
          null,
          null,
          1,
          null,
          1,
          null,
          null,
          null,
          null,
          1,
          null,
          null,
          1,
          null,
          null,
          null,
          null,
          null,
          null,
          null
        ]
      },
      "/home/emmatshi/RocketElevatorsConsolidation/RocketElevatorsConsolidation/config/initializers/application_controller_renderer.rb": {
        "lines": [
          null,
          null,
          null,
          null,
          null,
          null,
          null,
          null
        ]
      },
      "/home/emmatshi/RocketElevatorsConsolidation/RocketElevatorsConsolidation/config/initializers/assets.rb": {
        "lines": [
          null,
          null,
          null,
          1,
          null,
          null,
          null,
          null,
          1,
          null,
          null,
          null,
          null,
          null
        ]
      },
      "/home/emmatshi/RocketElevatorsConsolidation/RocketElevatorsConsolidation/config/initializers/backtrace_silencers.rb": {
        "lines": [
          null,
          null,
          null,
          null,
          null,
          null,
          null
        ]
      },
      "/home/emmatshi/RocketElevatorsConsolidation/RocketElevatorsConsolidation/config/initializers/content_security_policy.rb": {
        "lines": [
          null,
          null,
          null,
          null,
          null,
          null,
          null,
          null,
          null,
          null,
          null,
          null,
          null,
          null,
          null,
          null,
          null,
          null,
          null,
          null,
          null,
          null,
          null,
          null,
          null
        ]
      },
      "/home/emmatshi/RocketElevatorsConsolidation/RocketElevatorsConsolidation/config/initializers/cookies_serializer.rb": {
        "lines": [
          null,
          null,
          null,
          null,
          1
        ]
      },
      "/home/emmatshi/RocketElevatorsConsolidation/RocketElevatorsConsolidation/config/initializers/devise.rb": {
        "lines": [
          null,
          null,
          null,
          null,
          null,
          null,
          null,
          null,
          null,
          null,
          1,
          null,
          null,
          null,
          null,
          null,
          null,
          null,
          null,
          null,
          null,
          null,
          null,
          null,
          null,
          null,
          1,
          null,
          null,
          null,
          null,
          null,
          null,
          null,
          null,
          null,
          null,
          null,
          1,
          null,
          null,
          null,
          null,
          null,
          null,
          null,
          null,
          null,
          null,
          null,
          null,
          null,
          null,
          null,
          null,
          null,
          null,
          null,
          null,
          null,
          1,
          null,
          null,
          null,
          null,
          1,
          null,
          null,
          null,
          null,
          null,
          null,
          null,
          null,
          null,
          null,
          null,
          null,
          null,
          null,
          null,
          null,
          null,
          null,
          null,
          null,
          null,
          null,
          null,
          null,
          null,
          null,
          null,
          null,
          null,
          null,
          null,
          null,
          null,
          1,
          null,
          null,
          null,
          null,
          null,
          null,
          null,
          null,
          null,
          null,
          null,
          null,
          null,
          null,
          null,
          null,
          null,
          null,
          null,
          null,
          null,
          null,
          null,
          null,
          null,
          1,
          null,
          null,
          null,
          null,
          null,
          null,
          null,
          null,
          null,
          null,
          null,
          null,
          null,
          null,
          null,
          null,
          null,
          null,
          null,
          null,
          null,
          null,
          null,
          null,
          null,
          null,
          null,
          null,
          null,
          null,
          null,
          null,
          null,
          1,
          null,
          null,
          null,
          null,
          null,
          null,
          null,
          null,
          null,
          1,
          null,
          null,
          null,
          null,
          null,
          null,
          null,
          null,
          null,
          null,
          1,
          null,
          null,
          null,
          null,
          1,
          null,
          null,
          null,
          null,
          null,
          null,
          null,
          null,
          null,
          null,
          null,
          null,
          null,
          null,
          null,
          null,
          null,
          null,
          null,
          null,
          null,
          null,
          null,
          null,
          null,
          null,
          null,
          null,
          null,
          null,
          null,
          null,
          null,
          null,
          null,
          null,
          null,
          null,
          null,
          null,
          1,
          null,
          null,
          null,
          null,
          null,
          null,
          null,
          null,
          null,
          null,
          null,
          null,
          null,
          null,
          null,
          null,
          null,
          null,
          null,
          null,
          null,
          null,
          null,
          null,
          null,
          null,
          null,
          null,
          null,
          null,
          null,
          null,
          null,
          null,
          null,
          null,
          null,
          null,
          null,
          null,
          null,
          1,
          null,
          null,
          null,
          null,
          null,
          null,
          null,
          null,
          null,
          null,
          null,
          null,
          null,
          null,
          null,
          null,
          null,
          null,
          null,
          null,
          null,
          null,
          null,
          null,
          null,
          null,
          null,
          null,
          null,
          null,
          null,
          null,
          null,
          null,
          null,
          null,
          null,
          null,
          null,
          null,
          null,
          null
        ]
      },
      "/home/emmatshi/RocketElevatorsConsolidation/RocketElevatorsConsolidation/config/initializers/filter_parameter_logging.rb": {
        "lines": [
          null,
          null,
          null,
          1
        ]
      },
      "/home/emmatshi/RocketElevatorsConsolidation/RocketElevatorsConsolidation/config/initializers/inflections.rb": {
        "lines": [
          null,
          null,
          null,
          null,
          null,
          null,
          null,
          null,
          null,
          null,
          null,
          null,
          null,
          null,
          null,
          null
        ]
      },
      "/home/emmatshi/RocketElevatorsConsolidation/RocketElevatorsConsolidation/config/initializers/mime_types.rb": {
        "lines": [
          null,
          null,
          null,
          null
        ]
      },
      "/home/emmatshi/RocketElevatorsConsolidation/RocketElevatorsConsolidation/config/initializers/rails_admin.rb": {
        "lines": [
          1,
          null,
          1,
          null,
          1,
          null,
          0,
          0,
          null,
          0,
          null,
          null,
          null,
          null,
          null,
          null,
          null,
          null,
          null,
          null,
          null,
          null,
          null,
          null,
          null,
          null,
          null,
          null,
          null,
          null,
          null,
          null,
          null,
          null,
          null,
          null,
          null,
          1,
          1,
          1,
          1,
          1,
          1,
          1,
          1,
          1,
          1,
          1,
          null,
          null,
          null,
          null,
          null,
          null,
          1,
          null,
          null,
          null,
          null,
          null,
          1,
          null,
          1,
          null,
          1,
          1,
          1,
          null,
          null,
          null
        ]
      },
      "/home/emmatshi/RocketElevatorsConsolidation/RocketElevatorsConsolidation/lib/rails_admin/gmap.rb": {
        "lines": [
          1,
          1,
          null,
          1,
          1,
          1,
          1,
          1,
          null,
          1,
          2,
          null,
          null,
          1,
          0,
          null,
          null,
          1,
          0,
          null,
          null,
          null,
          null,
          null,
          null,
          1,
          0,
          null,
          null,
          1,
          0,
          0,
          null,
          null,
          null,
          1,
          0,
          null,
          null,
          1,
          0,
          null,
          null,
          null,
          1,
          0,
          null,
          null,
          null,
          null,
          null,
          null,
          null,
          null,
          null,
          null,
          null,
          null,
          null,
          null,
          0,
          0,
          null,
          null,
          null,
          null,
          null,
          null,
          null,
          null,
          null,
          null,
          null,
          null,
          null,
          null,
          null,
          null,
          null,
          null,
          null,
          null,
          null,
          null,
          null,
          null,
          null,
          null,
          null,
          null,
          null,
          null,
          null,
          null,
          null,
          null,
          0,
          0,
          null,
          0,
          0,
          null,
          0,
          null,
          null,
          0,
          0,
          0,
          0,
          null,
          null,
          0,
          0,
          0,
          null,
          null,
          0,
          null,
          null,
          null,
          null,
          null,
          null,
          null,
          null,
          null,
          null,
          null,
          null,
          1,
          null,
          0,
          null,
          null,
          null,
          null,
          null,
          null,
          null,
          null,
          null,
          null,
          null,
          null,
          null,
          null,
          null,
          null,
          null,
          null,
          null,
          null,
          null,
          null,
          null,
          null,
          null,
          null,
          null,
          null,
          null,
          null,
          null,
          null,
          null,
          null,
          0,
          0,
          null,
          0,
          0,
          null,
          null,
          null,
          null,
          null,
          null,
          null,
          null,
          null
        ]
      },
      "/home/emmatshi/RocketElevatorsConsolidation/RocketElevatorsConsolidation/config/initializers/slack_notifier.rb": {
        "lines": [
          1,
          1,
          null,
          null
        ]
      },
      "/home/emmatshi/RocketElevatorsConsolidation/RocketElevatorsConsolidation/config/initializers/wrap_parameters.rb": {
        "lines": [
          null,
          null,
          null,
          null,
          null,
          null,
          1,
          2,
          null,
          null,
          null,
          null,
          null,
          null
        ]
      },
      "/home/emmatshi/RocketElevatorsConsolidation/RocketElevatorsConsolidation/config/routes.rb": {
        "lines": [
          null,
          1,
          1,
          1,
          1,
          1,
          1,
          1,
          1,
          1,
          1,
          null,
          1,
          null,
          1,
          1,
          1,
          1,
          1,
          1,
          1,
          null,
          1,
          1,
          1,
          1,
          1,
          1,
          1,
          1,
          1,
          1,
          1,
          1,
          null,
          1,
          1,
          1,
          1,
          1,
          null,
          null,
          1,
          1,
          1,
          1,
          1,
          null,
          1,
          1,
          1,
          1,
          null,
          null,
          1,
          1,
          null,
          null
        ]
      },
      "/home/emmatshi/RocketElevatorsConsolidation/RocketElevatorsConsolidation/app/models/user.rb": {
        "lines": [
          1,
          null,
          null,
          1,
          null,
          1,
          null
        ]
      },
      "/home/emmatshi/RocketElevatorsConsolidation/RocketElevatorsConsolidation/app/models/application_record.rb": {
        "lines": [
          1,
          1,
          null
        ]
      },
      "/home/emmatshi/RocketElevatorsConsolidation/RocketElevatorsConsolidation/app/helpers/application_helper.rb": {
        "lines": [
          1,
          null
        ]
      },
      "/home/emmatshi/RocketElevatorsConsolidation/RocketElevatorsConsolidation/app/helpers/backoffice_helper.rb": {
        "lines": [
          1,
          null
        ]
      },
      "/home/emmatshi/RocketElevatorsConsolidation/RocketElevatorsConsolidation/app/helpers/charts_helper.rb": {
        "lines": [
          1,
          null
        ]
      },
      "/home/emmatshi/RocketElevatorsConsolidation/RocketElevatorsConsolidation/app/helpers/customer_helper.rb": {
        "lines": [
          1,
          null
        ]
      },
      "/home/emmatshi/RocketElevatorsConsolidation/RocketElevatorsConsolidation/app/helpers/home_helper.rb": {
        "lines": [
          1,
          null
        ]
      },
      "/home/emmatshi/RocketElevatorsConsolidation/RocketElevatorsConsolidation/app/helpers/leads_helper.rb": {
        "lines": [
          1,
          null
        ]
      },
      "/home/emmatshi/RocketElevatorsConsolidation/RocketElevatorsConsolidation/app/helpers/pages_helper.rb": {
        "lines": [
          1,
          null
        ]
      },
      "/home/emmatshi/RocketElevatorsConsolidation/RocketElevatorsConsolidation/app/helpers/quotes_helper.rb": {
        "lines": [
          1,
          null
        ]
      },
      "/home/emmatshi/RocketElevatorsConsolidation/RocketElevatorsConsolidation/app/helpers/rails_admin_helper.rb": {
        "lines": [
          1,
          null
        ]
      },
      "/home/emmatshi/RocketElevatorsConsolidation/RocketElevatorsConsolidation/app/controllers/interventions_controller.rb": {
        "lines": [
          1,
          null,
          null,
          null,
          1,
          0,
          0,
          0,
          null,
          null,
          null,
          1,
          0,
          0,
          0,
          null,
          null,
          null,
          null,
          1,
          null,
          1,
          1,
          null,
          1,
          1,
          1,
          2,
          null,
          null,
          null,
          null,
          1,
          1,
          1,
          null,
          1,
          null,
          1,
          1,
          null,
          1,
          2,
          null,
          null,
          null,
          1,
          0,
          0,
          null,
          0,
          null,
          0,
          null,
          0,
          0,
          0,
          null,
          null,
          null,
          1,
          0,
          0,
          null,
          0,
          null,
          0,
          null,
          0,
          0,
          null,
          null,
          null,
          null,
          1,
          0,
          0,
          null,
          0,
          0,
          0,
          0,
          0,
          0,
          0,
          null,
          0,
          0,
          null,
          0,
          0,
          0,
          0,
          0,
          0,
          0,
          0,
          0,
          null,
          null,
          null,
          null,
          null,
          null,
          0,
          0,
          0,
          null,
          null,
          null,
          null,
          null,
          0,
          0,
          0,
          0,
          null,
          null,
          null,
          null,
          null,
          null,
          0,
          0,
          null,
          null,
          null,
          null,
          0,
          0,
          0,
          null,
          0,
          0,
          null,
          null,
          null,
          0,
          null,
          0,
          null,
          null,
          null,
          null,
          null,
          0,
          0,
          0,
          0,
          null,
          null,
          0,
          null,
          null,
          null,
          null,
          null,
          null,
          null,
          null,
          null,
          null,
          null,
          null,
          null,
          null,
          null,
          null,
          null,
          null,
          null,
          null,
          null,
          null,
          null,
          0,
          null,
          null,
          null,
          null,
          null,
          null,
          null,
          null
        ]
      },
      "/home/emmatshi/RocketElevatorsConsolidation/RocketElevatorsConsolidation/app/controllers/application_controller.rb": {
        "lines": [
          1,
          1,
          1,
          1,
          null,
          null
        ]
      },
      "/home/emmatshi/RocketElevatorsConsolidation/RocketElevatorsConsolidation/spec/models/battery_spec.rb": {
        "lines": [
          1,
          null,
          1,
          1,
          3,
          null,
          null,
          null,
          null,
          null,
          null,
          1,
          1,
          1,
          null,
          null,
          1,
          1,
          1,
          null,
          null,
          1,
          1,
          1,
          null,
          null,
          null,
          null
        ]
      },
      "/home/emmatshi/RocketElevatorsConsolidation/RocketElevatorsConsolidation/app/models/battery.rb": {
        "lines": [
          1,
          1,
          1,
          1,
          1,
          1,
          1,
          null,
          null
        ]
      },
      "/home/emmatshi/RocketElevatorsConsolidation/RocketElevatorsConsolidation/spec/models/intervention_spec.rb": {
        "lines": [
          1,
          null,
          1,
          1,
          3,
          null,
          null,
          null,
          null,
          1,
          1,
          1,
          null,
          null,
          1,
          1,
          1,
          null,
          null,
          1,
          1,
          1,
          null,
          null,
          null
        ]
      },
      "/home/emmatshi/RocketElevatorsConsolidation/RocketElevatorsConsolidation/app/models/intervention.rb": {
        "lines": [
          1,
          1,
          1,
          1,
          1,
          1,
          1,
          1,
          1,
          1,
          null,
          null
        ]
      },
      "/home/emmatshi/RocketElevatorsConsolidation/RocketElevatorsConsolidation/spec/models/quote_spec.rb": {
        "lines": [
          1,
          null,
          1,
          1,
          3,
          null,
          null,
          null,
          null,
          1,
          1,
          1,
          null,
          null,
          1,
          1,
          1,
          null,
          null,
          1,
          1,
          1,
          null,
          null,
          null
        ]
      },
      "/home/emmatshi/RocketElevatorsConsolidation/RocketElevatorsConsolidation/app/models/quote.rb": {
        "lines": [
          1,
          1,
          1,
          1,
          null,
          null,
          null,
          null,
          null,
          null,
          null,
          null,
          null,
          null,
          null,
          null,
          null,
          null,
          null,
          null,
          null,
          null,
          null,
          null,
          null,
          null,
          null,
          null,
          null,
          null,
          null,
          null,
          null
        ]
      },
      "/home/emmatshi/RocketElevatorsConsolidation/RocketElevatorsConsolidation/spec/requests/quotes_spec.rb": {
        "lines": [
          1,
          null,
          1,
          1,
          null,
          null,
          null,
          null,
          null,
          null,
          null,
          null,
          null,
          null,
          null,
          null,
          null,
          null,
          null,
          null,
          null,
          null,
          null,
          null,
          null,
          1,
          1,
          null,
          null,
          null,
          1,
          null,
          1,
          null,
          null,
          null,
          null
        ]
      },
      "/home/emmatshi/RocketElevatorsConsolidation/RocketElevatorsConsolidation/spec/streamer_spec.rb": {
        "lines": [
          1,
          1,
          1,
          1,
          1,
          null,
          1,
          null,
          1,
          null,
          1,
          1,
          null,
          1,
          1,
          null,
          null,
          1,
          1,
          null,
          null,
          1,
          1,
          null,
          null,
          null,
          null,
          null,
          null,
          null
        ]
      },
      "/home/emmatshi/RocketElevatorsConsolidation/RocketElevatorsConsolidation/lib/ElevatorMedia/streamer.rb": {
        "lines": [
          1,
          1,
          1,
          1,
          null,
          null,
          1,
          1,
          null,
          1,
          1,
          null,
          null,
          1,
          1,
          null,
          null,
          null,
          0,
          null,
          null,
          1,
          null,
          null,
          0,
          0,
          null,
          null,
          0,
          0,
          null,
          1,
          null,
          null,
          null,
          null,
          1,
          null,
          null,
          null,
          1,
          null,
          null,
          null
        ]
      },
      "/home/emmatshi/RocketElevatorsConsolidation/RocketElevatorsConsolidation/app/models/building.rb": {
        "lines": [
          1,
          1,
          1,
          1,
          1,
          1,
          1,
          null
        ]
      },
      "/home/emmatshi/RocketElevatorsConsolidation/RocketElevatorsConsolidation/app/models/customer.rb": {
        "lines": [
          1,
          1,
          1,
          1,
          1,
          null,
          1,
          null,
          null,
          null,
          null,
          null,
          null,
          null,
          null,
          null,
          null,
          null,
          null,
          null,
          null,
          null,
          null,
          null,
          null,
          null,
          null,
          null,
          null,
          null,
          null,
          null,
          null,
          null,
          null,
          null,
          null,
          null,
          null,
          null,
          null,
          null,
          null
        ]
      }
    },
    "timestamp": 1617392083
  }
}
